0 [main] ERROR com.documentum.fc.common.impl.logging.LoggingConfigurator  - Problem locating log4j configuration
0 [main] WARN com.documentum.fc.common.impl.logging.LoggingConfigurator  - Using default log4j configuration
16 [main] ERROR com.documentum.fc.common.DfPreferences  - [DFC_PREFERENCE_BAD_VALUE] Bad value for preference "dfc.security.keystore.file", value="D:/Documentum/config/dfc.keystore"
DfAttributeValueException:: THREAD: main; MSG: [DFC_OBJECT_BADATTRVALUE] Directory doesn't exist; ERRORCODE: ff; NEXT: null
	at com.documentum.fc.client.attributehandler.DfFileFilter.verifyExistence(DfFileFilter.java:54)
	at com.documentum.fc.client.attributehandler.DfFileFilter.set(DfFileFilter.java:25)
	at com.documentum.fc.client.DfTypedObject.doSetString(DfTypedObject.java:1441)
	at com.documentum.fc.client.DfTypedObject.setString(DfTypedObject.java:1418)
	at com.documentum.fc.common.impl.preferences.TypedPreferences.loadProperty(TypedPreferences.java:413)
	at com.documentum.fc.common.impl.preferences.TypedPreferences.loadProperties(TypedPreferences.java:291)
	at com.documentum.fc.common.DfPreferences.loadProperties(DfPreferences.java:392)
	at com.documentum.fc.common.impl.preferences.PreferencesManager.<init>(PreferencesManager.java:41)
	at com.documentum.fc.common.DfPreferences.initialize(DfPreferences.java:79)
	at com.documentum.fc.common.DfPreferences.getInstance(DfPreferences.java:58)
	at com.documentum.fc.impl.RuntimeContext.<clinit>(RuntimeContext.java:177)
	at com.documentum.fc.client.DfClient.<clinit>(DfClient.java:721)
	at com.documentum.com.DfClientX.getLocalClient(DfClientX.java:43)
	at com.managetransfer.documetum.ConnectDocumentum.connectRepository(ConnectDocumentum.java:35)
	at com.managetransfer.documetum.ConnectDocumentum.main(ConnectDocumentum.java:28)
29 [main] ERROR com.documentum.fc.common.DfPreferences  - [DFC_PREFERENCE_BAD_VALUE] Bad value for preference "dfc.security.keystore.file", value="D:/Documentum/config/dfc.keystore"
DfAttributeValueException:: THREAD: main; MSG: [DFC_OBJECT_BADATTRVALUE] Directory doesn't exist; ERRORCODE: ff; NEXT: null
	at com.documentum.fc.client.attributehandler.DfFileFilter.verifyExistence(DfFileFilter.java:54)
	at com.documentum.fc.client.attributehandler.DfFileFilter.set(DfFileFilter.java:25)
	at com.documentum.fc.client.DfTypedObject.doSetString(DfTypedObject.java:1441)
	at com.documentum.fc.client.DfTypedObject.setString(DfTypedObject.java:1418)
	at com.documentum.fc.common.impl.preferences.TypedPreferences.loadProperty(TypedPreferences.java:413)
	at com.documentum.fc.common.impl.preferences.TypedPreferences.loadProperties(TypedPreferences.java:291)
	at com.documentum.fc.common.DfPreferences.loadProperties(DfPreferences.java:392)
	at com.documentum.fc.common.impl.preferences.PreferencesManager.<init>(PreferencesManager.java:42)
	at com.documentum.fc.common.DfPreferences.initialize(DfPreferences.java:79)
	at com.documentum.fc.common.DfPreferences.getInstance(DfPreferences.java:58)
	at com.documentum.fc.impl.RuntimeContext.<clinit>(RuntimeContext.java:177)
	at com.documentum.fc.client.DfClient.<clinit>(DfClient.java:721)
	at com.documentum.com.DfClientX.getLocalClient(DfClientX.java:43)
	at com.managetransfer.documetum.ConnectDocumentum.connectRepository(ConnectDocumentum.java:35)
	at com.managetransfer.documetum.ConnectDocumentum.main(ConnectDocumentum.java:28)
0 [main] ERROR com.documentum.fc.common.impl.logging.LoggingConfigurator  - Problem locating log4j configuration
1 [main] WARN com.documentum.fc.common.impl.logging.LoggingConfigurator  - Using default log4j configuration
0 [main] ERROR com.documentum.fc.common.impl.logging.LoggingConfigurator  - Problem locating log4j configuration
1 [main] WARN com.documentum.fc.common.impl.logging.LoggingConfigurator  - Using default log4j configuration
0 [main] ERROR com.documentum.fc.common.impl.logging.LoggingConfigurator  - Problem locating log4j configuration
0 [main] WARN com.documentum.fc.common.impl.logging.LoggingConfigurator  - Using default log4j configuration
0 [main] ERROR com.documentum.fc.common.impl.logging.LoggingConfigurator  - Problem locating log4j configuration
0 [main] WARN com.documentum.fc.common.impl.logging.LoggingConfigurator  - Using default log4j configuration
0 [main] ERROR com.documentum.fc.common.impl.logging.LoggingConfigurator  - Problem locating log4j configuration
0 [main] WARN com.documentum.fc.common.impl.logging.LoggingConfigurator  - Using default log4j configuration
0 [main] ERROR com.documentum.fc.common.impl.logging.LoggingConfigurator  - Problem locating log4j configuration
3 [main] WARN com.documentum.fc.common.impl.logging.LoggingConfigurator  - Using default log4j configuration
0 [main] ERROR com.documentum.fc.common.impl.logging.LoggingConfigurator  - Problem locating log4j configuration
1 [main] WARN com.documentum.fc.common.impl.logging.LoggingConfigurator  - Using default log4j configuration
0 [main] ERROR com.documentum.fc.common.impl.logging.LoggingConfigurator  - Problem locating log4j configuration
1 [main] WARN com.documentum.fc.common.impl.logging.LoggingConfigurator  - Using default log4j configuration
2986 [main] ERROR com.documentum.fc.common.impl.logging.LoggingConfigurator  - Problem locating log4j configuration
2987 [main] WARN com.documentum.fc.common.impl.logging.LoggingConfigurator  - Using default log4j configuration
2988 [main] ERROR com.documentum.fc.common.impl.preferences.PreferencesManager  - [DFC_PREFERENCE_LOAD_FAILED] Failed to load persistent preferences from null
java.io.FileNotFoundException: dfc.properties
	at com.documentum.fc.common.impl.preferences.PreferencesManager.locateMainPersistentStore(PreferencesManager.java:378)
	at com.documentum.fc.common.impl.preferences.PreferencesManager.readPersistentProperties(PreferencesManager.java:332)
	at com.documentum.fc.common.impl.preferences.PreferencesManager.<init>(PreferencesManager.java:40)
	at com.documentum.fc.common.DfPreferences.initialize(DfPreferences.java:79)
	at com.documentum.fc.common.DfPreferences.getInstance(DfPreferences.java:58)
	at com.documentum.fc.impl.RuntimeContext.<clinit>(RuntimeContext.java:177)
	at com.documentum.fc.client.DfClient.<clinit>(DfClient.java:721)
	at com.documentum.com.DfClientX.getLocalClient(DfClientX.java:43)
	at com.managetransfer.documetum.DocumentumConnection.connectRepository(DocumentumConnection.java:46)
	at com.managetransfer.documetum.InitSequence.initOperation(InitSequence.java:132)
	at com.managetransfer.documetum.InitSequence.main(InitSequence.java:56)
