(Nov 6, 2014 1:39:48 AM), Setup.product.install, com.documentum.install.shared.common.beans.wizard.action.DiWASuiteIncludeDiServices, dbg, Current UI mode is: AWT
(Nov 6, 2014 1:39:48 AM), Setup.product.install, com.documentum.install.shared.common.services.jvm.DiJVMService, is.jvm.temp = 1, dbg
(Nov 6, 2014 1:39:49 AM), Setup.product.install, com.installshield.wizard.platform.win32.Win32PPKRegistryServiceImpl, dbg.registry, reading VPD from C:\Windows\vpd.properties
(Nov 6, 2014 1:39:53 AM), Setup.product.install, com.installshield.wizard.platform.win32.Win32PPKRegistryServiceImpl, dbg.registry, reading VPD from C:\Windows\vpd.properties
(Nov 6, 2014 1:40:04 AM), Setup.product.install, com.documentum.install.dfc.common.beans.wizard.panel.DiWPDfcDestinationPanel, err, The current user account does not have write permission on $C(COMMON, WINDOWS_ROOT_DIRECTORY)\Program Files\Documentum
(Nov 6, 2014 1:40:36 AM), Setup.product.install, com.installshield.wizard.platform.win32.Win32PPKRegistryServiceImpl, dbg.registry, reading VPD from C:\Windows\vpd.properties
(Nov 6, 2014 1:40:42 AM), Setup.product.install, com.documentum.install.shared.common.services.jvm.DiJVMService, Initializing bundled JVM target directory..., dbg
(Nov 6, 2014 1:40:42 AM), Setup.product.install, com.documentum.install.shared.common.services.jvm.DiJVMService, is.jvm.temp = 1, dbg
(Nov 6, 2014 1:40:42 AM), Setup.product.install, com.documentum.install.shared.common.services.jvm.DiJVMService, Installer is being run as part of a suite with a bundled JVM..., dbg
(Nov 6, 2014 1:40:42 AM), Setup.product.install, com.documentum.install.shared.common.services.jvm.DiJVMService, Found a bundled JVM at: C:\Program Files\Documentum\java\1.6.0_27, dbg
(Nov 6, 2014 1:40:51 AM), Setup.product.install, com.installshield.wizard.platform.win32.Win32ProductServiceImpl, dbg.install, JVM memory before installing Di PA Set Registry Key (createDCTMRegKey): free=9705008 total=20447232
(Nov 6, 2014 1:40:51 AM), Setup.product.install, com.installshield.wizard.platform.win32.Win32ProductServiceImpl, msg1, installing Di PA Set Registry Key (createDCTMRegKey)
(Nov 6, 2014 1:40:51 AM), Setup.product.install, com.installshield.wizard.platform.win32.Win32ProductServiceImpl, dbg.install, JVM memory after installing Di PA Set Registry Key (createDCTMRegKey): free=15203448 total=20447232
(Nov 6, 2014 1:40:51 AM), Setup.product.install, com.installshield.wizard.platform.win32.Win32ProductServiceImpl, dbg.install, JVM memory before installing Di PA Create Directory (createProgDir): free=15125496 total=20447232
(Nov 6, 2014 1:40:51 AM), Setup.product.install, com.installshield.wizard.platform.win32.Win32ProductServiceImpl, msg1, installing Di PA Create Directory (createProgDir)
(Nov 6, 2014 1:40:51 AM), Setup.product.install, com.installshield.wizard.platform.win32.Win32ProductServiceImpl, dbg.install, JVM memory after installing Di PA Create Directory (createProgDir): free=15047544 total=20447232
(Nov 6, 2014 1:40:51 AM), Setup.product.install, com.installshield.wizard.platform.win32.Win32ProductServiceImpl, dbg.install, JVM memory before installing Di PA Create Directory (createSharedDir): free=14969592 total=20447232
(Nov 6, 2014 1:40:51 AM), Setup.product.install, com.installshield.wizard.platform.win32.Win32ProductServiceImpl, msg1, installing Di PA Create Directory (createSharedDir)
(Nov 6, 2014 1:40:51 AM), Setup.product.install, com.installshield.wizard.platform.win32.Win32ProductServiceImpl, dbg.install, JVM memory after installing Di PA Create Directory (createSharedDir): free=14813688 total=20447232
(Nov 6, 2014 1:40:51 AM), Setup.product.install, com.installshield.wizard.platform.win32.Win32ProductServiceImpl, dbg.install, JVM memory before installing Di PA Run Silent MSI Installer (installSystemFiles): free=14735736 total=20447232
(Nov 6, 2014 1:40:51 AM), Setup.product.install, com.installshield.wizard.platform.win32.Win32ProductServiceImpl, msg1, installing Di PA Run Silent MSI Installer (installSystemFiles)
(Nov 6, 2014 1:41:04 AM), Setup.product.install, com.installshield.wizard.platform.win32.Win32ProductServiceImpl, dbg.install, JVM memory after installing Di PA Run Silent MSI Installer (installSystemFiles): free=12531976 total=20447232
(Nov 6, 2014 1:41:04 AM), Setup.product.install, com.installshield.wizard.platform.win32.Win32ProductServiceImpl, dbg.install, JVM memory before installing Di Files (sharedFiles): free=12454024 total=20447232
(Nov 6, 2014 1:41:04 AM), Setup.product.install, com.installshield.wizard.platform.win32.Win32ProductServiceImpl, msg1, installing Di Files (sharedFiles)
(Nov 6, 2014 1:41:08 AM), Setup.product.install, com.installshield.wizard.platform.win32.Win32ProductServiceImpl, dbg.install, JVM memory after installing Di Files (sharedFiles): free=12301792 total=20447232
(Nov 6, 2014 1:41:08 AM), Setup.product.install, com.installshield.wizard.platform.win32.Win32ProductServiceImpl, dbg.install, JVM memory before installing Di Files (COM_Server_Files_File_bean): free=12237936 total=20447232
(Nov 6, 2014 1:41:08 AM), Setup.product.install, com.installshield.wizard.platform.win32.Win32ProductServiceImpl, msg1, installing Di Files (COM_Server_Files_File_bean)
(Nov 6, 2014 1:41:09 AM), Setup.product.install, com.installshield.wizard.platform.win32.Win32ProductServiceImpl, dbg.install, JVM memory after installing Di Files (COM_Server_Files_File_bean): free=11462352 total=20447232
(Nov 6, 2014 1:41:09 AM), Setup.product.install, com.installshield.wizard.platform.win32.Win32ProductServiceImpl, dbg.install, JVM memory before installing Di Files (licenses_Files_File_bean): free=11462352 total=20447232
(Nov 6, 2014 1:41:09 AM), Setup.product.install, com.installshield.wizard.platform.win32.Win32ProductServiceImpl, msg1, installing Di Files (licenses_Files_File_bean)
(Nov 6, 2014 1:41:09 AM), Setup.product.install, com.installshield.wizard.platform.win32.Win32ProductServiceImpl, dbg.install, JVM memory after installing Di Files (licenses_Files_File_bean): free=10930192 total=20447232
(Nov 6, 2014 1:41:09 AM), Setup.product.install, com.installshield.wizard.platform.win32.Win32ProductServiceImpl, dbg.install, JVM memory before installing Di PA Execute Actions (DiPAExecuteActions_bean): free=10858128 total=20447232
(Nov 6, 2014 1:41:09 AM), Setup.product.install, com.installshield.wizard.platform.win32.Win32ProductServiceImpl, msg1, installing Di PA Execute Actions (DiPAExecuteActions_bean)
(Nov 6, 2014 1:41:20 AM), Setup.product.install, com.installshield.wizard.platform.win32.Win32ProductServiceImpl, dbg.install, JVM memory after installing Di PA Execute Actions (DiPAExecuteActions_bean): free=13806488 total=20447232
(Nov 6, 2014 1:41:20 AM), Setup.product.install, com.installshield.wizard.platform.win32.Win32ProductServiceImpl, dbg.install, JVM memory before installing Di PA Create Directory (createUserDir): free=13730384 total=20447232
(Nov 6, 2014 1:41:20 AM), Setup.product.install, com.installshield.wizard.platform.win32.Win32ProductServiceImpl, msg1, installing Di PA Create Directory (createUserDir)
(Nov 6, 2014 1:41:20 AM), Setup.product.install, com.installshield.wizard.platform.win32.Win32ProductServiceImpl, dbg.install, JVM memory after installing Di PA Create Directory (createUserDir): free=13578224 total=20447232
(Nov 6, 2014 1:41:20 AM), Setup.product.install, com.installshield.wizard.platform.win32.Win32ProductServiceImpl, dbg.install, JVM memory before installing Di PA Create Directory (createApptokenDir): free=13502144 total=20447232
(Nov 6, 2014 1:41:20 AM), Setup.product.install, com.installshield.wizard.platform.win32.Win32ProductServiceImpl, msg1, installing Di PA Create Directory (createApptokenDir)
(Nov 6, 2014 1:41:20 AM), Setup.product.install, com.installshield.wizard.platform.win32.Win32ProductServiceImpl, dbg.install, JVM memory after installing Di PA Create Directory (createApptokenDir): free=13349984 total=20447232
(Nov 6, 2014 1:41:20 AM), Setup.product.install, com.installshield.wizard.platform.win32.Win32ProductServiceImpl, dbg.install, JVM memory before installing Di PA Create Directory (createCheckoutDir): free=13349984 total=20447232
(Nov 6, 2014 1:41:20 AM), Setup.product.install, com.installshield.wizard.platform.win32.Win32ProductServiceImpl, msg1, installing Di PA Create Directory (createCheckoutDir)
(Nov 6, 2014 1:41:20 AM), Setup.product.install, com.installshield.wizard.platform.win32.Win32ProductServiceImpl, dbg.install, JVM memory after installing Di PA Create Directory (createCheckoutDir): free=13197808 total=20447232
(Nov 6, 2014 1:41:20 AM), Setup.product.install, com.installshield.wizard.platform.win32.Win32ProductServiceImpl, dbg.install, JVM memory before installing Di PA Create Directory (createExportDir): free=13121728 total=20447232
(Nov 6, 2014 1:41:20 AM), Setup.product.install, com.installshield.wizard.platform.win32.Win32ProductServiceImpl, msg1, installing Di PA Create Directory (createExportDir)
(Nov 6, 2014 1:41:20 AM), Setup.product.install, com.installshield.wizard.platform.win32.Win32ProductServiceImpl, dbg.install, JVM memory after installing Di PA Create Directory (createExportDir): free=12969568 total=20447232
(Nov 6, 2014 1:41:20 AM), Setup.product.install, com.installshield.wizard.platform.win32.Win32ProductServiceImpl, dbg.install, JVM memory before installing Di PA Create Directory (createConfigDir): free=12969568 total=20447232
(Nov 6, 2014 1:41:20 AM), Setup.product.install, com.installshield.wizard.platform.win32.Win32ProductServiceImpl, msg1, installing Di PA Create Directory (createConfigDir)
(Nov 6, 2014 1:41:20 AM), Setup.product.install, com.installshield.wizard.platform.win32.Win32ProductServiceImpl, dbg.install, JVM memory after installing Di PA Create Directory (createConfigDir): free=12817392 total=20447232
(Nov 6, 2014 1:41:20 AM), Setup.product.install, com.installshield.wizard.platform.win32.Win32ProductServiceImpl, dbg.install, JVM memory before installing Di PA Create Directory (createLogsDir): free=12741312 total=20447232
(Nov 6, 2014 1:41:20 AM), Setup.product.install, com.installshield.wizard.platform.win32.Win32ProductServiceImpl, msg1, installing Di PA Create Directory (createLogsDir)
(Nov 6, 2014 1:41:20 AM), Setup.product.install, com.installshield.wizard.platform.win32.Win32ProductServiceImpl, dbg.install, JVM memory after installing Di PA Create Directory (createLogsDir): free=12665232 total=20447232
(Nov 6, 2014 1:41:20 AM), Setup.product.install, com.installshield.wizard.platform.win32.Win32ProductServiceImpl, dbg.install, JVM memory before installing Di PA Set Class Path (setDCTMJar): free=12589152 total=20447232
(Nov 6, 2014 1:41:20 AM), Setup.product.install, com.installshield.wizard.platform.win32.Win32ProductServiceImpl, msg1, installing Di PA Set Class Path (setDCTMJar)
(Nov 6, 2014 1:41:21 AM), Setup.product.install, com.installshield.wizard.platform.win32.Win32ProductServiceImpl, dbg.install, JVM memory after installing Di PA Set Class Path (setDCTMJar): free=12301312 total=20447232
(Nov 6, 2014 1:41:21 AM), Setup.product.install, com.installshield.wizard.platform.win32.Win32ProductServiceImpl, dbg.install, JVM memory before installing Di PA Set Class Path (deleteFromSystemClassPath): free=12225232 total=20447232
(Nov 6, 2014 1:41:21 AM), Setup.product.install, com.installshield.wizard.platform.win32.Win32ProductServiceImpl, msg1, installing Di PA Set Class Path (deleteFromSystemClassPath)
(Nov 6, 2014 1:41:21 AM), Setup.product.install, com.installshield.wizard.platform.win32.Win32ProductServiceImpl, dbg.install, JVM memory after installing Di PA Set Class Path (deleteFromSystemClassPath): free=11970656 total=20447232
(Nov 6, 2014 1:41:21 AM), Setup.product.install, com.installshield.wizard.platform.win32.Win32ProductServiceImpl, dbg.install, JVM memory before installing Di PA Set Path (setSystemPath): free=11970656 total=20447232
(Nov 6, 2014 1:41:21 AM), Setup.product.install, com.installshield.wizard.platform.win32.Win32ProductServiceImpl, msg1, installing Di PA Set Path (setSystemPath)
(Nov 6, 2014 1:41:22 AM), Setup.product.install, com.installshield.wizard.platform.win32.Win32ProductServiceImpl, dbg.install, JVM memory after installing Di PA Set Path (setSystemPath): free=11682696 total=20447232
(Nov 6, 2014 1:41:22 AM), Setup.product.install, com.installshield.wizard.platform.win32.Win32ProductServiceImpl, dbg.install, JVM memory before installing Di PA Dfc Win32 Registry Update (persistentRegEntries): free=11606616 total=20447232
(Nov 6, 2014 1:41:22 AM), Setup.product.install, com.installshield.wizard.platform.win32.Win32ProductServiceImpl, msg1, installing Di PA Dfc Win32 Registry Update (persistentRegEntries)
(Nov 6, 2014 1:41:22 AM), Setup.product.install, com.installshield.wizard.platform.win32.Win32ProductServiceImpl, dbg.install, JVM memory after installing Di PA Dfc Win32 Registry Update (persistentRegEntries): free=11250448 total=20447232
(Nov 6, 2014 1:41:22 AM), Setup.product.install, com.installshield.wizard.platform.win32.Win32ProductServiceImpl, dbg.install, JVM memory before installing Di PA Dfc Win32 Registry Update (nomPersistentRegEntries): free=11174368 total=20447232
(Nov 6, 2014 1:41:22 AM), Setup.product.install, com.installshield.wizard.platform.win32.Win32ProductServiceImpl, msg1, installing Di PA Dfc Win32 Registry Update (nomPersistentRegEntries)
(Nov 6, 2014 1:41:22 AM), Setup.product.install, com.installshield.wizard.platform.win32.Win32ProductServiceImpl, dbg.install, JVM memory after installing Di PA Dfc Win32 Registry Update (nomPersistentRegEntries): free=10825784 total=20447232
(Nov 6, 2014 1:41:22 AM), Setup.product.install, com.installshield.wizard.platform.win32.Win32ProductServiceImpl, dbg.install, JVM memory before installing Di PA Update Log4j Properties (updateLog4j): free=10749704 total=20447232
(Nov 6, 2014 1:41:22 AM), Setup.product.install, com.installshield.wizard.platform.win32.Win32ProductServiceImpl, msg1, installing Di PA Update Log4j Properties (updateLog4j)
(Nov 6, 2014 1:41:22 AM), Setup.product.install, com.installshield.wizard.platform.win32.Win32ProductServiceImpl, dbg.install, JVM memory after installing Di PA Update Log4j Properties (updateLog4j): free=10420760 total=20447232
(Nov 6, 2014 1:41:22 AM), Setup.product.install, com.installshield.wizard.platform.win32.Win32ProductServiceImpl, dbg.install, JVM memory before installing Di Files (Copy dfcfull.properties): free=10344680 total=20447232
(Nov 6, 2014 1:41:22 AM), Setup.product.install, com.installshield.wizard.platform.win32.Win32ProductServiceImpl, msg1, installing Di Files (Copy dfcfull.properties)
(Nov 6, 2014 1:41:22 AM), Setup.product.install, com.installshield.wizard.platform.win32.Win32ProductServiceImpl, dbg.install, JVM memory after installing Di Files (Copy dfcfull.properties): free=10147448 total=20447232
(Nov 6, 2014 1:41:22 AM), Setup.product.install, com.installshield.wizard.platform.win32.Win32ProductServiceImpl, dbg.install, JVM memory before installing Di PA Dfc Update Dfc Properties (dfc_update_dfc_properties): free=10071368 total=20447232
(Nov 6, 2014 1:41:22 AM), Setup.product.install, com.installshield.wizard.platform.win32.Win32ProductServiceImpl, msg1, installing Di PA Dfc Update Dfc Properties (dfc_update_dfc_properties)
(Nov 6, 2014 1:41:59 AM), Setup.product.install, com.installshield.wizard.platform.win32.Win32ProductServiceImpl, dbg.install, JVM memory after installing Di PA Dfc Update Dfc Properties (dfc_update_dfc_properties): free=12581576 total=20447232
(Nov 6, 2014 1:41:59 AM), Setup.product.install, com.installshield.wizard.platform.win32.Win32ProductServiceImpl, dbg.install, JVM memory before installing Di PA Update DBOR (Create empty dbor.properties): free=12545080 total=20447232
(Nov 6, 2014 1:41:59 AM), Setup.product.install, com.installshield.wizard.platform.win32.Win32ProductServiceImpl, msg1, installing Di PA Update DBOR (Create empty dbor.properties)
(Nov 6, 2014 1:41:59 AM), Setup.product.install, com.installshield.wizard.platform.win32.Win32ProductServiceImpl, dbg.install, JVM memory after installing Di PA Update DBOR (Create empty dbor.properties): free=12361208 total=20447232
(Nov 6, 2014 1:41:59 AM), Setup.product.install, com.installshield.wizard.platform.win32.Win32ProductServiceImpl, dbg.install, JVM memory before installing Di PA Create Directory (createHelpDir): free=12288248 total=20447232
(Nov 6, 2014 1:41:59 AM), Setup.product.install, com.installshield.wizard.platform.win32.Win32ProductServiceImpl, msg1, installing Di PA Create Directory (createHelpDir)
(Nov 6, 2014 1:41:59 AM), Setup.product.install, com.installshield.wizard.platform.win32.Win32ProductServiceImpl, dbg.install, JVM memory after installing Di PA Create Directory (createHelpDir): free=12142328 total=20447232
(Nov 6, 2014 1:41:59 AM), Setup.product.install, com.installshield.wizard.platform.win32.Win32ProductServiceImpl, dbg.install, JVM memory before installing Di PA Create Directory (createHelpDFCDir): free=12069352 total=20447232
(Nov 6, 2014 1:41:59 AM), Setup.product.install, com.installshield.wizard.platform.win32.Win32ProductServiceImpl, msg1, installing Di PA Create Directory (createHelpDFCDir)
(Nov 6, 2014 1:41:59 AM), Setup.product.install, com.installshield.wizard.platform.win32.Win32ProductServiceImpl, dbg.install, JVM memory after installing Di PA Create Directory (createHelpDFCDir): free=11923368 total=20447232
(Nov 6, 2014 1:41:59 AM), Setup.product.install, com.installshield.wizard.platform.win32.Win32ProductServiceImpl, dbg.install, JVM memory before installing Di Files (copyDocs): free=11886888 total=20447232
(Nov 6, 2014 1:41:59 AM), Setup.product.install, com.installshield.wizard.platform.win32.Win32ProductServiceImpl, msg1, installing Di Files (copyDocs)
(Nov 6, 2014 1:42:05 AM), Setup.product.install, com.installshield.wizard.platform.win32.Win32ProductServiceImpl, dbg.install, JVM memory after installing Di Files (copyDocs): free=10435016 total=20447232
(Nov 6, 2014 1:42:05 AM), Setup.product.install, com.installshield.wizard.platform.win32.Win32ProductServiceImpl, dbg.install, JVM memory before installing Di PA Create Directory (createHelpBPMDir): free=10435016 total=20447232
(Nov 6, 2014 1:42:05 AM), Setup.product.install, com.installshield.wizard.platform.win32.Win32ProductServiceImpl, msg1, installing Di PA Create Directory (createHelpBPMDir)
(Nov 6, 2014 1:42:05 AM), Setup.product.install, com.installshield.wizard.platform.win32.Win32ProductServiceImpl, dbg.install, JVM memory after installing Di PA Create Directory (createHelpBPMDir): free=10327008 total=20447232
(Nov 6, 2014 1:42:05 AM), Setup.product.install, com.installshield.wizard.platform.win32.Win32ProductServiceImpl, dbg.install, JVM memory before installing Di Files (copyBpmDocs): free=10218960 total=20447232
(Nov 6, 2014 1:42:05 AM), Setup.product.install, com.installshield.wizard.platform.win32.Win32ProductServiceImpl, msg1, installing Di Files (copyBpmDocs)
(Nov 6, 2014 1:42:07 AM), Setup.product.install, com.installshield.wizard.platform.win32.Win32ProductServiceImpl, dbg.install, JVM memory after installing Di Files (copyBpmDocs): free=14523776 total=20447232
(Nov 6, 2014 1:42:07 AM), Setup.product.install, com.installshield.wizard.platform.win32.Win32PPKRegistryServiceImpl, dbg.registry, writing VPD to C:\Windows\vpd.properties
(Nov 6, 2014 1:42:17 AM), Setup.product.install, com.installshield.wizard.platform.win32.Win32ProductServiceImpl, dbg.install, JVM memory before installing Di Files (jars): free=13872624 total=20447232
(Nov 6, 2014 1:42:17 AM), Setup.product.install, com.installshield.wizard.platform.win32.Win32ProductServiceImpl, msg1, installing Di Files (jars)
(Nov 6, 2014 1:42:17 AM), Setup.product.install, com.installshield.wizard.platform.win32.Win32ProductServiceImpl, dbg.install, JVM memory after installing Di Files (jars): free=13660432 total=20447232
(Nov 6, 2014 1:42:17 AM), Setup.product.install, com.installshield.wizard.platform.win32.Win32ProductServiceImpl, dbg.install, JVM memory before installing Di PA Update DBOR (updateDBOR): free=13554336 total=20447232
(Nov 6, 2014 1:42:17 AM), Setup.product.install, com.installshield.wizard.platform.win32.Win32ProductServiceImpl, msg1, installing Di PA Update DBOR (updateDBOR)
(Nov 6, 2014 1:42:17 AM), Setup.product.install, com.installshield.wizard.platform.win32.Win32ProductServiceImpl, dbg.install, JVM memory after installing Di PA Update DBOR (updateDBOR): free=13342144 total=20447232
(Nov 6, 2014 1:42:17 AM), Setup.product.install, com.installshield.wizard.platform.win32.Win32ProductServiceImpl, dbg.install, JVM memory before installing Di PA Bof Rename Files (renameSharedJarsBean): free=13342144 total=20447232
(Nov 6, 2014 1:42:17 AM), Setup.product.install, com.installshield.wizard.platform.win32.Win32ProductServiceImpl, msg1, installing Di PA Bof Rename Files (renameSharedJarsBean)
(Nov 6, 2014 1:42:17 AM), Setup.product.install, com.installshield.wizard.platform.win32.Win32ProductServiceImpl, dbg.install, JVM memory after installing Di PA Bof Rename Files (renameSharedJarsBean): free=13236048 total=20447232
(Nov 6, 2014 1:42:17 AM), Setup.product.install, com.installshield.wizard.platform.win32.Win32ProductServiceImpl, dbg.install, JVM memory before installing Di PA Bof Set DCTM Manifest Class Path (registerJars): free=13129896 total=20447232
(Nov 6, 2014 1:42:17 AM), Setup.product.install, com.installshield.wizard.platform.win32.Win32ProductServiceImpl, msg1, installing Di PA Bof Set DCTM Manifest Class Path (registerJars)
(Nov 6, 2014 1:42:17 AM), Setup.product.install, com.installshield.wizard.platform.win32.Win32ProductServiceImpl, dbg.install, JVM memory after installing Di PA Bof Set DCTM Manifest Class Path (registerJars): free=13023800 total=20447232
(Nov 6, 2014 1:42:17 AM), Setup.product.install, com.installshield.wizard.platform.win32.Win32PPKRegistryServiceImpl, dbg.registry, writing VPD to C:\Windows\vpd.properties
(Nov 6, 2014 1:42:25 AM), Setup.product.install, com.installshield.wizard.platform.win32.Win32ProductServiceImpl, dbg.install, JVM memory before installing Di Files (jars): free=13649408 total=20512768
(Nov 6, 2014 1:42:25 AM), Setup.product.install, com.installshield.wizard.platform.win32.Win32ProductServiceImpl, msg1, installing Di Files (jars)
(Nov 6, 2014 1:42:25 AM), Setup.product.install, com.installshield.wizard.platform.win32.Win32ProductServiceImpl, dbg.install, JVM memory after installing Di Files (jars): free=13344896 total=20512768
(Nov 6, 2014 1:42:25 AM), Setup.product.install, com.installshield.wizard.platform.win32.Win32ProductServiceImpl, dbg.install, JVM memory before installing Di PA Update DBOR (updateDBOR): free=13344896 total=20512768
(Nov 6, 2014 1:42:25 AM), Setup.product.install, com.installshield.wizard.platform.win32.Win32ProductServiceImpl, msg1, installing Di PA Update DBOR (updateDBOR)
(Nov 6, 2014 1:42:25 AM), Setup.product.install, com.installshield.wizard.platform.win32.Win32ProductServiceImpl, dbg.install, JVM memory after installing Di PA Update DBOR (updateDBOR): free=13125488 total=20512768
(Nov 6, 2014 1:42:25 AM), Setup.product.install, com.installshield.wizard.platform.win32.Win32ProductServiceImpl, dbg.install, JVM memory before installing Di PA Bof Rename Files (renameSharedJarsBean): free=13125488 total=20512768
(Nov 6, 2014 1:42:25 AM), Setup.product.install, com.installshield.wizard.platform.win32.Win32ProductServiceImpl, msg1, installing Di PA Bof Rename Files (renameSharedJarsBean)
(Nov 6, 2014 1:42:25 AM), Setup.product.install, com.installshield.wizard.platform.win32.Win32ProductServiceImpl, dbg.install, JVM memory after installing Di PA Bof Rename Files (renameSharedJarsBean): free=12922416 total=20512768
(Nov 6, 2014 1:42:25 AM), Setup.product.install, com.installshield.wizard.platform.win32.Win32ProductServiceImpl, dbg.install, JVM memory before installing Di PA Bof Set DCTM Manifest Class Path (registerJars): free=12922416 total=20512768
(Nov 6, 2014 1:42:25 AM), Setup.product.install, com.installshield.wizard.platform.win32.Win32ProductServiceImpl, msg1, installing Di PA Bof Set DCTM Manifest Class Path (registerJars)
(Nov 6, 2014 1:42:25 AM), Setup.product.install, com.installshield.wizard.platform.win32.Win32ProductServiceImpl, dbg.install, JVM memory after installing Di PA Bof Set DCTM Manifest Class Path (registerJars): free=12820912 total=20512768
(Nov 6, 2014 1:42:25 AM), Setup.product.install, com.installshield.wizard.platform.win32.Win32PPKRegistryServiceImpl, dbg.registry, writing VPD to C:\Windows\vpd.properties
(Nov 6, 2014 1:42:35 AM), Setup.product.install, com.installshield.wizard.platform.win32.Win32ProductServiceImpl, dbg.install, JVM memory before installing Di Files (jars): free=13937952 total=20512768
(Nov 6, 2014 1:42:35 AM), Setup.product.install, com.installshield.wizard.platform.win32.Win32ProductServiceImpl, msg1, installing Di Files (jars)
(Nov 6, 2014 1:42:35 AM), Setup.product.install, com.installshield.wizard.platform.win32.Win32ProductServiceImpl, dbg.install, JVM memory after installing Di Files (jars): free=13627256 total=20512768
(Nov 6, 2014 1:42:35 AM), Setup.product.install, com.installshield.wizard.platform.win32.Win32ProductServiceImpl, dbg.install, JVM memory before installing Di PA Update DBOR (updateDBOR): free=13627256 total=20512768
(Nov 6, 2014 1:42:35 AM), Setup.product.install, com.installshield.wizard.platform.win32.Win32ProductServiceImpl, msg1, installing Di PA Update DBOR (updateDBOR)
(Nov 6, 2014 1:42:35 AM), Setup.product.install, com.installshield.wizard.platform.win32.Win32ProductServiceImpl, dbg.install, JVM memory after installing Di PA Update DBOR (updateDBOR): free=13310592 total=20512768
(Nov 6, 2014 1:42:35 AM), Setup.product.install, com.installshield.wizard.platform.win32.Win32ProductServiceImpl, dbg.install, JVM memory before installing Di PA Bof Rename Files (renameSharedJarsBean): free=13310592 total=20512768
(Nov 6, 2014 1:42:35 AM), Setup.product.install, com.installshield.wizard.platform.win32.Win32ProductServiceImpl, msg1, installing Di PA Bof Rename Files (renameSharedJarsBean)
(Nov 6, 2014 1:42:35 AM), Setup.product.install, com.installshield.wizard.platform.win32.Win32ProductServiceImpl, dbg.install, JVM memory after installing Di PA Bof Rename Files (renameSharedJarsBean): free=13110416 total=20512768
(Nov 6, 2014 1:42:35 AM), Setup.product.install, com.installshield.wizard.platform.win32.Win32ProductServiceImpl, dbg.install, JVM memory before installing Di PA Bof Set DCTM Manifest Class Path (registerJars): free=13110416 total=20512768
(Nov 6, 2014 1:42:35 AM), Setup.product.install, com.installshield.wizard.platform.win32.Win32ProductServiceImpl, msg1, installing Di PA Bof Set DCTM Manifest Class Path (registerJars)
(Nov 6, 2014 1:42:35 AM), Setup.product.install, com.installshield.wizard.platform.win32.Win32ProductServiceImpl, dbg.install, JVM memory after installing Di PA Bof Set DCTM Manifest Class Path (registerJars): free=13010328 total=20512768
(Nov 6, 2014 1:42:35 AM), Setup.product.install, com.installshield.wizard.platform.win32.Win32PPKRegistryServiceImpl, dbg.registry, writing VPD to C:\Windows\vpd.properties
